<?xml version="1.0" encoding="utf-8"?><testsuites name="pytest tests"><testsuite name="pytest" errors="0" failures="0" skipped="0" tests="16" time="4.961" timestamp="2026-03-22T18:32:03.673164+00:00" hostname="agent-env-0180d5af-5615-4e72-b10b-99d88ac97153"><testcase classname="backend.tests.test_new_features_batch.TestCompanyLogin" name="test_company_login" time="0.245" /><testcase classname="backend.tests.test_new_features_batch.TestApartmentCRUD" name="test_create_apartment_without_floor" time="0.309" /><testcase classname="backend.tests.test_new_features_batch.TestApartmentCRUD" name="test_list_apartments" time="0.279" /><testcase classname="backend.tests.test_new_features_batch.TestCompanySettings" name="test_get_company_settings" time="0.220" /><testcase classname="backend.tests.test_new_features_batch.TestCompanySettings" name="test_update_company_settings" time="0.390" /><testcase classname="backend.tests.test_new_features_batch.TestCompanySettings" name="test_billing_day_validation" time="0.268" /><testcase classname="backend.tests.test_new_features_batch.TestCompanySettings" name="test_late_fee_validation" time="0.233" /><testcase classname="backend.tests.test_new_features_batch.TestSignatureUpload" name="test_signature_upload_and_retrieve" time="0.352" /><testcase classname="backend.tests.test_new_features_batch.TestSignatureUpload" name="test_signature_delete" time="0.373" /><testcase classname="backend.tests.test_new_features_batch.TestLateFeeApplication" name="test_apply_late_fees_endpoint" time="0.311" /><testcase classname="backend.tests.test_new_features_batch.TestPaymentsWithRentMonth" name="test_create_payment_with_rent_month" time="0.205" /><testcase classname="backend.tests.test_new_features_batch.TestPaymentsWithRentMonth" name="test_payment_month_filter" time="0.375" /><testcase classname="backend.tests.test_new_features_batch.TestKioskPayments" name="test_kiosk_create_payment_with_rent_month" time="0.176" /><testcase classname="backend.tests.test_new_features_batch.TestKioskSignature" name="test_kiosk_get_company_signature" time="0.502" /><testcase classname="backend.tests.test_new_features_batch.TestKioskSignature" name="test_kiosk_signature_404_when_not_uploaded" time="0.337" /><testcase classname="backend.tests.test_new_features_batch.TestKioskTenantLookup" name="test_kiosk_tenant_lookup" time="0.114" /></testsuite></testsuites>