<?xml version="1.0" encoding="utf-8"?><testsuites name="pytest tests"><testsuite name="pytest" errors="0" failures="0" skipped="0" tests="34" time="8.809" timestamp="2026-03-22T10:41:39.671382+00:00" hostname="agent-env-a21849c5-f423-4afb-8f2a-cb8c89145276"><testcase classname="backend.tests.test_multi_tenant_api.TestCompanyAuth" name="test_login_success" time="0.383" /><testcase classname="backend.tests.test_multi_tenant_api.TestCompanyAuth" name="test_login_invalid_credentials" time="0.133" /><testcase classname="backend.tests.test_multi_tenant_api.TestCompanyAuth" name="test_login_missing_password" time="0.171" /><testcase classname="backend.tests.test_multi_tenant_api.TestCompanyAuth" name="test_register_duplicate_email" time="0.127" /><testcase classname="backend.tests.test_multi_tenant_api.TestCompanyAuth" name="test_me_without_auth" time="0.118" /><testcase classname="backend.tests.test_multi_tenant_api.TestCompanySession" name="test_me_with_auth" time="0.256" /><testcase classname="backend.tests.test_multi_tenant_api.TestCompanySession" name="test_logout" time="0.397" /><testcase classname="backend.tests.test_multi_tenant_api.TestKioskPublicRoutes" name="test_kiosk_get_company" time="0.130" /><testcase classname="backend.tests.test_multi_tenant_api.TestKioskPublicRoutes" name="test_kiosk_get_company_not_found" time="0.165" /><testcase classname="backend.tests.test_multi_tenant_api.TestKioskPublicRoutes" name="test_kiosk_list_apartments" time="0.161" /><testcase classname="backend.tests.test_multi_tenant_api.TestKioskPublicRoutes" name="test_kiosk_list_tenants" time="0.122" /><testcase classname="backend.tests.test_multi_tenant_api.TestKioskPublicRoutes" name="test_kiosk_tenant_lookup_by_code" time="0.143" /><testcase classname="backend.tests.test_multi_tenant_api.TestKioskPublicRoutes" name="test_kiosk_tenant_lookup_by_apartment" time="0.153" /><testcase classname="backend.tests.test_multi_tenant_api.TestKioskPublicRoutes" name="test_kiosk_tenant_lookup_not_found" time="0.149" /><testcase classname="backend.tests.test_multi_tenant_api.TestAdminProtectedRoutes" name="test_dashboard_stats" time="0.300" /><testcase classname="backend.tests.test_multi_tenant_api.TestAdminProtectedRoutes" name="test_dashboard_stats_without_auth" time="0.129" /><testcase classname="backend.tests.test_multi_tenant_api.TestAdminProtectedRoutes" name="test_list_apartments" time="0.266" /><testcase classname="backend.tests.test_multi_tenant_api.TestAdminProtectedRoutes" name="test_list_tenants" time="0.260" /><testcase classname="backend.tests.test_multi_tenant_api.TestAdminProtectedRoutes" name="test_list_payments" time="0.276" /><testcase classname="backend.tests.test_multi_tenant_api.TestPaymentProcessing" name="test_kiosk_payment_partial_rent" time="0.442" /><testcase classname="backend.tests.test_multi_tenant_api.TestPaymentProcessing" name="test_kiosk_payment_invalid_tenant" time="0.134" /><testcase classname="backend.tests.test_multi_tenant_api.TestMultiTenantDataIsolation" name="test_new_company_cannot_see_demo_apartments" time="0.321" /><testcase classname="backend.tests.test_multi_tenant_api.TestMultiTenantDataIsolation" name="test_new_company_cannot_see_demo_tenants" time="0.319" /><testcase classname="backend.tests.test_multi_tenant_api.TestMultiTenantDataIsolation" name="test_new_company_cannot_see_demo_payments" time="0.343" /><testcase classname="backend.tests.test_multi_tenant_api.TestMultiTenantDataIsolation" name="test_kiosk_routes_scoped_to_company" time="0.254" /><testcase classname="backend.tests.test_multi_tenant_api.TestApartmentCRUD" name="test_create_apartment" time="0.325" /><testcase classname="backend.tests.test_multi_tenant_api.TestApartmentCRUD" name="test_get_apartment" time="0.282" /><testcase classname="backend.tests.test_multi_tenant_api.TestApartmentCRUD" name="test_update_apartment" time="0.362" /><testcase classname="backend.tests.test_multi_tenant_api.TestApartmentCRUD" name="test_delete_apartment" time="0.353" /><testcase classname="backend.tests.test_multi_tenant_api.TestTenantCRUD" name="test_create_tenant" time="0.319" /><testcase classname="backend.tests.test_multi_tenant_api.TestTenantCRUD" name="test_get_tenant" time="0.272" /><testcase classname="backend.tests.test_multi_tenant_api.TestTenantCRUD" name="test_update_tenant" time="0.382" /><testcase classname="backend.tests.test_multi_tenant_api.TestCompanyRegistration" name="test_register_new_company" time="0.301" /><testcase classname="backend.tests.test_multi_tenant_api.TestCompanyRegistration" name="test_register_short_password" time="0.222" /></testsuite></testsuites>