<?xml version="1.0" encoding="utf-8"?><testsuites name="pytest tests"><testsuite name="pytest" errors="0" failures="0" skipped="0" tests="11" time="3.690" timestamp="2026-03-22T18:59:16.962644+00:00" hostname="agent-env-0180d5af-5615-4e72-b10b-99d88ac97153"><testcase classname="backend.tests.test_stamp_and_month.TestCompanyStampSettings" name="test_get_company_settings_returns_stamp_fields" time="0.449" /><testcase classname="backend.tests.test_stamp_and_month.TestCompanyStampSettings" name="test_put_company_settings_saves_stamp_fields" time="0.445" /><testcase classname="backend.tests.test_stamp_and_month.TestCompanyStampSettings" name="test_put_company_settings_partial_update" time="0.308" /><testcase classname="backend.tests.test_stamp_and_month.TestCompanyStampSettings" name="test_put_company_settings_empty_stamp_fields" time="0.324" /><testcase classname="backend.tests.test_stamp_and_month.TestKioskStampEndpoint" name="test_kiosk_get_company_stamp" time="0.359" /><testcase classname="backend.tests.test_stamp_and_month.TestKioskStampEndpoint" name="test_kiosk_stamp_invalid_company" time="0.134" /><testcase classname="backend.tests.test_stamp_and_month.TestOldSignatureEndpointsRemoved" name="test_post_company_signature_removed" time="0.283" /><testcase classname="backend.tests.test_stamp_and_month.TestOldSignatureEndpointsRemoved" name="test_get_company_signature_image_removed" time="0.262" /><testcase classname="backend.tests.test_stamp_and_month.TestOldSignatureEndpointsRemoved" name="test_delete_company_signature_removed" time="0.265" /><testcase classname="backend.tests.test_stamp_and_month.TestTenantsEndpoint" name="test_get_tenants_returns_data" time="0.338" /><testcase classname="backend.tests.test_stamp_and_month.TestPaymentsWithRentMonth" name="test_get_payments_returns_rent_month" time="0.309" /></testsuite></testsuites>