<?xml version="1.0" encoding="utf-8"?><testsuites name="pytest tests"><testsuite name="pytest" errors="0" failures="0" skipped="0" tests="26" time="24.749" timestamp="2026-03-22T17:27:11.355472+00:00" hostname="agent-env-a21849c5-f423-4afb-8f2a-cb8c89145276"><testcase classname="backend.tests.test_superadmin_api.TestSuperAdminAuth" name="test_superadmin_login_success" time="0.609" /><testcase classname="backend.tests.test_superadmin_api.TestSuperAdminAuth" name="test_superadmin_login_invalid_credentials" time="0.384" /><testcase classname="backend.tests.test_superadmin_api.TestSuperAdminAuth" name="test_superadmin_login_wrong_password" time="0.339" /><testcase classname="backend.tests.test_superadmin_api.TestSuperAdminAuth" name="test_superadmin_me_without_auth" time="0.286" /><testcase classname="backend.tests.test_superadmin_api.TestSuperAdminAuth" name="test_superadmin_me_with_auth" time="0.477" /><testcase classname="backend.tests.test_superadmin_api.TestSuperAdminAuth" name="test_superadmin_logout" time="0.658" /><testcase classname="backend.tests.test_superadmin_api.TestSuperAdminStats" name="test_stats_endpoint" time="0.571" /><testcase classname="backend.tests.test_superadmin_api.TestSuperAdminStats" name="test_stats_without_auth" time="0.414" /><testcase classname="backend.tests.test_superadmin_api.TestSuperAdminCompanies" name="test_list_companies" time="0.723" /><testcase classname="backend.tests.test_superadmin_api.TestSuperAdminCompanies" name="test_get_company_details" time="0.601" /><testcase classname="backend.tests.test_superadmin_api.TestSuperAdminCompanies" name="test_get_company_not_found" time="0.319" /><testcase classname="backend.tests.test_superadmin_api.TestSubscriptionManagement" name="test_company_registration_has_trial_status" time="0.770" /><testcase classname="backend.tests.test_superadmin_api.TestSubscriptionManagement" name="test_activate_company" time="0.948" /><testcase classname="backend.tests.test_superadmin_api.TestSubscriptionManagement" name="test_deactivate_company" time="1.693" /><testcase classname="backend.tests.test_superadmin_api.TestSubscriptionManagement" name="test_grant_free_subscription" time="1.423" /><testcase classname="backend.tests.test_superadmin_api.TestDeactivatedCompanyAccess" name="test_deactivated_company_admin_access_blocked" time="1.476" /><testcase classname="backend.tests.test_superadmin_api.TestDeactivatedCompanyAccess" name="test_deactivated_company_kiosk_access_blocked" time="2.741" /><testcase classname="backend.tests.test_superadmin_api.TestInvoiceManagement" name="test_list_invoices" time="0.544" /><testcase classname="backend.tests.test_superadmin_api.TestInvoiceManagement" name="test_generate_invoice" time="0.466" /><testcase classname="backend.tests.test_superadmin_api.TestInvoiceManagement" name="test_generate_invoice_not_found" time="0.547" /><testcase classname="backend.tests.test_superadmin_api.TestInvoiceManagement" name="test_register_payment_activates_subscription" time="1.380" /><testcase classname="backend.tests.test_superadmin_api.TestInvoiceManagement" name="test_register_payment_already_paid" time="1.031" /><testcase classname="backend.tests.test_superadmin_api.TestExistingMultiTenantFeatures" name="test_company_login_still_works" time="0.611" /><testcase classname="backend.tests.test_superadmin_api.TestExistingMultiTenantFeatures" name="test_kiosk_flow_still_works" time="1.594" /><testcase classname="backend.tests.test_superadmin_api.TestExistingMultiTenantFeatures" name="test_admin_dashboard_still_works" time="1.012" /><testcase classname="backend.tests.test_superadmin_api.TestKioskPaymentWithBalanceUpdate" name="test_partial_rent_payment_decreases_outstanding" time="2.028" /></testsuite></testsuites>